{"/home/desktop/Apps/Superalgos_DEV/Superalgos/Environment.js": {"path":"/home/desktop/Apps/Superalgos_DEV/Superalgos/Environment.js","statementMap":{"0":{"start":{"line":1,"column":13},"end":{"line":1,"column":28}},"1":{"start":{"line":4,"column":0},"end":{"line":8,"column":1}},"2":{"start":{"line":5,"column":4},"end":{"line":5,"column":40}},"3":{"start":{"line":7,"column":4},"end":{"line":7,"column":24}},"4":{"start":{"line":10,"column":25},"end":{"line":10,"column":90}},"5":{"start":{"line":12,"column":0},"end":{"line":79,"column":1}},"6":{"start":{"line":14,"column":21},"end":{"line":64,"column":5}},"7":{"start":{"line":66,"column":4},"end":{"line":70,"column":5}},"8":{"start":{"line":67,"column":8},"end":{"line":67,"column":110}},"9":{"start":{"line":68,"column":8},"end":{"line":68,"column":104}},"10":{"start":{"line":69,"column":8},"end":{"line":69,"column":109}},"11":{"start":{"line":72,"column":4},"end":{"line":76,"column":5}},"12":{"start":{"line":73,"column":8},"end":{"line":75,"column":9}},"13":{"start":{"line":74,"column":12},"end":{"line":74,"column":81}},"14":{"start":{"line":78,"column":4},"end":{"line":78,"column":21}}},"fnMap":{"0":{"name":"(anonymous_0)","decl":{"start":{"line":12,"column":25},"end":{"line":12,"column":26}},"loc":{"start":{"line":12,"column":37},"end":{"line":79,"column":1}},"line":12}},"branchMap":{"0":{"loc":{"start":{"line":4,"column":0},"end":{"line":8,"column":1}},"type":"if","locations":[{"start":{"line":4,"column":0},"end":{"line":8,"column":1}},{"start":{"line":6,"column":7},"end":{"line":8,"column":1}}],"line":4},"1":{"loc":{"start":{"line":66,"column":4},"end":{"line":70,"column":5}},"type":"if","locations":[{"start":{"line":66,"column":4},"end":{"line":70,"column":5}},{"start":{},"end":{}}],"line":66},"2":{"loc":{"start":{"line":73,"column":8},"end":{"line":75,"column":9}},"type":"if","locations":[{"start":{"line":73,"column":8},"end":{"line":75,"column":9}},{"start":{},"end":{}}],"line":73}},"s":{"0":3,"1":3,"2":0,"3":3,"4":3,"5":3,"6":8,"7":8,"8":0,"9":0,"10":0,"11":8,"12":368,"13":0,"14":8},"f":{"0":8},"b":{"0":[0,3],"1":[0,8],"2":[0,368]},"_coverageSchema":"1a1c01bbd47fc00a2c39e90264f33305004495a9","hash":"7153cf2c1561e3e4c3263dd4f604d1a44ffe9ff1"}
,"/home/desktop/Apps/Superalgos_DEV/Superalgos/.mocks/simple-git.js": {"path":"/home/desktop/Apps/Superalgos_DEV/Superalgos/.mocks/simple-git.js","statementMap":{"0":{"start":{"line":1,"column":27},"end":{"line":16,"column":1}},"1":{"start":{"line":18,"column":28},"end":{"line":36,"column":1}},"2":{"start":{"line":38,"column":29},"end":{"line":40,"column":1}},"3":{"start":{"line":42,"column":0},"end":{"line":46,"column":1}}},"fnMap":{},"branchMap":{},"s":{"0":1,"1":1,"2":1,"3":1},"f":{},"b":{},"_coverageSchema":"1a1c01bbd47fc00a2c39e90264f33305004495a9","hash":"af61419cf0c48a39b6566562070bad2997c25786"}
,"/home/desktop/Apps/Superalgos_DEV/Superalgos/Launch-Scripts/createShortcut.js": {"path":"/home/desktop/Apps/Superalgos_DEV/Superalgos/Launch-Scripts/createShortcut.js","statementMap":{"0":{"start":{"line":1,"column":13},"end":{"line":1,"column":28}},"1":{"start":{"line":2,"column":11},"end":{"line":2,"column":24}},"2":{"start":{"line":3,"column":21},"end":{"line":3,"column":45}},"3":{"start":{"line":4,"column":11},"end":{"line":4,"column":24}},"4":{"start":{"line":6,"column":23},"end":{"line":160,"column":1}},"5":{"start":{"line":8,"column":14},"end":{"line":8,"column":23}},"6":{"start":{"line":9,"column":15},"end":{"line":9,"column":34}},"7":{"start":{"line":10,"column":15},"end":{"line":10,"column":36}},"8":{"start":{"line":13,"column":4},"end":{"line":159,"column":5}},"9":{"start":{"line":15,"column":21},"end":{"line":15,"column":64}},"10":{"start":{"line":16,"column":19},"end":{"line":16,"column":58}},"11":{"start":{"line":17,"column":28},"end":{"line":20,"column":9}},"12":{"start":{"line":23,"column":8},"end":{"line":45,"column":9}},"13":{"start":{"line":24,"column":26},"end":{"line":24,"column":173}},"14":{"start":{"line":26,"column":12},"end":{"line":44,"column":14}},"15":{"start":{"line":32,"column":20},"end":{"line":43,"column":21}},"16":{"start":{"line":33,"column":24},"end":{"line":33,"column":39}},"17":{"start":{"line":34,"column":24},"end":{"line":34,"column":81}},"18":{"start":{"line":35,"column":24},"end":{"line":35,"column":39}},"19":{"start":{"line":36,"column":24},"end":{"line":36,"column":44}},"20":{"start":{"line":37,"column":24},"end":{"line":37,"column":36}},"21":{"start":{"line":39,"column":24},"end":{"line":39,"column":39}},"22":{"start":{"line":40,"column":24},"end":{"line":40,"column":67}},"23":{"start":{"line":41,"column":24},"end":{"line":41,"column":39}},"24":{"start":{"line":42,"column":24},"end":{"line":42,"column":43}},"25":{"start":{"line":47,"column":8},"end":{"line":47,"column":53}},"26":{"start":{"line":50,"column":11},"end":{"line":159,"column":5}},"27":{"start":{"line":52,"column":22},"end":{"line":52,"column":34}},"28":{"start":{"line":54,"column":8},"end":{"line":99,"column":9}},"29":{"start":{"line":56,"column":23},"end":{"line":56,"column":95}},"30":{"start":{"line":59,"column":12},"end":{"line":70,"column":13}},"31":{"start":{"line":73,"column":12},"end":{"line":73,"column":52}},"32":{"start":{"line":76,"column":26},"end":{"line":76,"column":137}},"33":{"start":{"line":77,"column":16},"end":{"line":91,"column":18}},"34":{"start":{"line":79,"column":24},"end":{"line":88,"column":25}},"35":{"start":{"line":80,"column":28},"end":{"line":80,"column":43}},"36":{"start":{"line":81,"column":28},"end":{"line":81,"column":85}},"37":{"start":{"line":82,"column":28},"end":{"line":82,"column":43}},"38":{"start":{"line":83,"column":28},"end":{"line":83,"column":48}},"39":{"start":{"line":84,"column":28},"end":{"line":84,"column":40}},"40":{"start":{"line":86,"column":28},"end":{"line":86,"column":43}},"41":{"start":{"line":87,"column":28},"end":{"line":87,"column":72}},"42":{"start":{"line":90,"column":24},"end":{"line":90,"column":58}},"43":{"start":{"line":93,"column":12},"end":{"line":93,"column":49}},"44":{"start":{"line":97,"column":12},"end":{"line":97,"column":212}},"45":{"start":{"line":98,"column":12},"end":{"line":98,"column":62}},"46":{"start":{"line":102,"column":11},"end":{"line":159,"column":5}},"47":{"start":{"line":103,"column":21},"end":{"line":103,"column":60}},"48":{"start":{"line":104,"column":38},"end":{"line":104,"column":111}},"49":{"start":{"line":105,"column":39},"end":{"line":105,"column":64}},"50":{"start":{"line":106,"column":34},"end":{"line":106,"column":134}},"51":{"start":{"line":107,"column":41},"end":{"line":107,"column":68}},"52":{"start":{"line":109,"column":8},"end":{"line":150,"column":9}},"53":{"start":{"line":111,"column":16},"end":{"line":117,"column":13}},"54":{"start":{"line":120,"column":12},"end":{"line":122,"column":14}},"55":{"start":{"line":125,"column":12},"end":{"line":125,"column":46}},"56":{"start":{"line":128,"column":12},"end":{"line":131,"column":14}},"57":{"start":{"line":134,"column":12},"end":{"line":137,"column":14}},"58":{"start":{"line":140,"column":12},"end":{"line":143,"column":14}},"59":{"start":{"line":145,"column":12},"end":{"line":145,"column":27}},"60":{"start":{"line":146,"column":12},"end":{"line":146,"column":69}},"61":{"start":{"line":147,"column":12},"end":{"line":147,"column":27}},"62":{"start":{"line":148,"column":12},"end":{"line":148,"column":32}},"63":{"start":{"line":149,"column":12},"end":{"line":149,"column":24}},"64":{"start":{"line":152,"column":8},"end":{"line":152,"column":52}},"65":{"start":{"line":153,"column":8},"end":{"line":153,"column":42}},"66":{"start":{"line":157,"column":8},"end":{"line":157,"column":218}},"67":{"start":{"line":158,"column":8},"end":{"line":158,"column":55}},"68":{"start":{"line":162,"column":0},"end":{"line":162,"column":31}}},"fnMap":{"0":{"name":"(anonymous_0)","decl":{"start":{"line":6,"column":23},"end":{"line":6,"column":24}},"loc":{"start":{"line":6,"column":29},"end":{"line":160,"column":1}},"line":6},"1":{"name":"(anonymous_1)","decl":{"start":{"line":31,"column":16},"end":{"line":31,"column":17}},"loc":{"start":{"line":31,"column":41},"end":{"line":44,"column":13}},"line":31},"2":{"name":"(anonymous_2)","decl":{"start":{"line":78,"column":20},"end":{"line":78,"column":21}},"loc":{"start":{"line":78,"column":46},"end":{"line":91,"column":17}},"line":78}},"branchMap":{"0":{"loc":{"start":{"line":13,"column":4},"end":{"line":159,"column":5}},"type":"if","locations":[{"start":{"line":13,"column":4},"end":{"line":159,"column":5}},{"start":{"line":50,"column":11},"end":{"line":159,"column":5}}],"line":13},"1":{"loc":{"start":{"line":32,"column":20},"end":{"line":43,"column":21}},"type":"if","locations":[{"start":{"line":32,"column":20},"end":{"line":43,"column":21}},{"start":{"line":38,"column":27},"end":{"line":43,"column":21}}],"line":32},"2":{"loc":{"start":{"line":50,"column":11},"end":{"line":159,"column":5}},"type":"if","locations":[{"start":{"line":50,"column":11},"end":{"line":159,"column":5}},{"start":{"line":102,"column":11},"end":{"line":159,"column":5}}],"line":50},"3":{"loc":{"start":{"line":54,"column":8},"end":{"line":99,"column":9}},"type":"if","locations":[{"start":{"line":54,"column":8},"end":{"line":99,"column":9}},{"start":{"line":96,"column":15},"end":{"line":99,"column":9}}],"line":54},"4":{"loc":{"start":{"line":79,"column":24},"end":{"line":88,"column":25}},"type":"if","locations":[{"start":{"line":79,"column":24},"end":{"line":88,"column":25}},{"start":{"line":85,"column":31},"end":{"line":88,"column":25}}],"line":79},"5":{"loc":{"start":{"line":102,"column":11},"end":{"line":159,"column":5}},"type":"if","locations":[{"start":{"line":102,"column":11},"end":{"line":159,"column":5}},{"start":{"line":156,"column":11},"end":{"line":159,"column":5}}],"line":102}},"s":{"0":1,"1":1,"2":1,"3":1,"4":1,"5":5,"6":5,"7":5,"8":5,"9":1,"10":1,"11":1,"12":1,"13":2,"14":2,"15":0,"16":0,"17":0,"18":0,"19":0,"20":0,"21":0,"22":0,"23":0,"24":0,"25":1,"26":4,"27":2,"28":2,"29":1,"30":1,"31":1,"32":1,"33":1,"34":0,"35":0,"36":0,"37":0,"38":0,"39":0,"40":0,"41":0,"42":0,"43":1,"44":1,"45":1,"46":2,"47":1,"48":1,"49":1,"50":1,"51":1,"52":1,"53":1,"54":1,"55":1,"56":1,"57":1,"58":1,"59":0,"60":0,"61":0,"62":0,"63":0,"64":1,"65":1,"66":1,"67":1,"68":1},"f":{"0":5,"1":0,"2":0},"b":{"0":[1,4],"1":[0,0],"2":[2,2],"3":[1,1],"4":[0,0],"5":[1,1]},"_coverageSchema":"1a1c01bbd47fc00a2c39e90264f33305004495a9","hash":"93bc23a53ee4cbfb9145434a4f8127bdf60a25ac"}
,"/home/desktop/Apps/Superalgos_DEV/Superalgos/Launch-Scripts/runSetup.js": {"path":"/home/desktop/Apps/Superalgos_DEV/Superalgos/Launch-Scripts/runSetup.js","statementMap":{"0":{"start":{"line":1,"column":13},"end":{"line":1,"column":28}},"1":{"start":{"line":2,"column":11},"end":{"line":2,"column":24}},"2":{"start":{"line":3,"column":16},"end":{"line":3,"column":34}},"3":{"start":{"line":4,"column":17},"end":{"line":4,"column":41}},"4":{"start":{"line":5,"column":14},"end":{"line":5,"column":30}},"5":{"start":{"line":6,"column":27},"end":{"line":6,"column":95}},"6":{"start":{"line":7,"column":12},"end":{"line":7,"column":54}},"7":{"start":{"line":8,"column":28},"end":{"line":8,"column":48}},"8":{"start":{"line":9,"column":25},"end":{"line":9,"column":70}},"9":{"start":{"line":10,"column":18},"end":{"line":10,"column":39}},"10":{"start":{"line":12,"column":18},"end":{"line":15,"column":1}},"11":{"start":{"line":13,"column":2},"end":{"line":13,"column":18}},"12":{"start":{"line":14,"column":2},"end":{"line":14,"column":17}},"13":{"start":{"line":18,"column":31},"end":{"line":40,"column":1}},"14":{"start":{"line":19,"column":2},"end":{"line":37,"column":3}},"15":{"start":{"line":19,"column":15},"end":{"line":19,"column":16}},"16":{"start":{"line":20,"column":16},"end":{"line":20,"column":38}},"17":{"start":{"line":21,"column":21},"end":{"line":21,"column":41}},"18":{"start":{"line":22,"column":17},"end":{"line":22,"column":56}},"19":{"start":{"line":23,"column":16},"end":{"line":36,"column":6}},"20":{"start":{"line":24,"column":6},"end":{"line":35,"column":7}},"21":{"start":{"line":25,"column":8},"end":{"line":27,"column":11}},"22":{"start":{"line":28,"column":8},"end":{"line":28,"column":20}},"23":{"start":{"line":30,"column":28},"end":{"line":30,"column":54}},"24":{"start":{"line":31,"column":8},"end":{"line":31,"column":30}},"25":{"start":{"line":32,"column":8},"end":{"line":32,"column":94}},"26":{"start":{"line":32,"column":38},"end":{"line":32,"column":93}},"27":{"start":{"line":33,"column":8},"end":{"line":33,"column":59}},"28":{"start":{"line":33,"column":39},"end":{"line":33,"column":58}},"29":{"start":{"line":34,"column":8},"end":{"line":34,"column":19}},"30":{"start":{"line":38,"column":2},"end":{"line":38,"column":43}},"31":{"start":{"line":39,"column":2},"end":{"line":39,"column":37}},"32":{"start":{"line":42,"column":29},"end":{"line":125,"column":1}},"33":{"start":{"line":44,"column":18},"end":{"line":47,"column":3}},"34":{"start":{"line":50,"column":2},"end":{"line":52,"column":65}},"35":{"start":{"line":50,"column":29},"end":{"line":50,"column":67}},"36":{"start":{"line":52,"column":7},"end":{"line":52,"column":65}},"37":{"start":{"line":53,"column":14},"end":{"line":53,"column":32}},"38":{"start":{"line":56,"column":16},"end":{"line":56,"column":59}},"39":{"start":{"line":59,"column":2},"end":{"line":68,"column":3}},"40":{"start":{"line":60,"column":4},"end":{"line":67,"column":5}},"41":{"start":{"line":61,"column":6},"end":{"line":61,"column":26}},"42":{"start":{"line":63,"column":6},"end":{"line":63,"column":27}},"43":{"start":{"line":64,"column":6},"end":{"line":66,"column":7}},"44":{"start":{"line":65,"column":8},"end":{"line":65,"column":43}},"45":{"start":{"line":71,"column":2},"end":{"line":73,"column":3}},"46":{"start":{"line":72,"column":4},"end":{"line":72,"column":93}},"47":{"start":{"line":78,"column":2},"end":{"line":86,"column":3}},"48":{"start":{"line":79,"column":4},"end":{"line":85,"column":5}},"49":{"start":{"line":80,"column":6},"end":{"line":80,"column":36}},"50":{"start":{"line":81,"column":6},"end":{"line":81,"column":20}},"51":{"start":{"line":83,"column":6},"end":{"line":83,"column":50}},"52":{"start":{"line":84,"column":6},"end":{"line":84,"column":20}},"53":{"start":{"line":89,"column":21},"end":{"line":89,"column":61}},"54":{"start":{"line":90,"column":21},"end":{"line":90,"column":26}},"55":{"start":{"line":91,"column":22},"end":{"line":91,"column":27}},"56":{"start":{"line":92,"column":2},"end":{"line":95,"column":3}},"57":{"start":{"line":92,"column":15},"end":{"line":92,"column":16}},"58":{"start":{"line":93,"column":4},"end":{"line":94,"column":68}},"59":{"start":{"line":93,"column":42},"end":{"line":93,"column":61}},"60":{"start":{"line":94,"column":9},"end":{"line":94,"column":68}},"61":{"start":{"line":94,"column":48},"end":{"line":94,"column":68}},"62":{"start":{"line":96,"column":2},"end":{"line":98,"column":3}},"63":{"start":{"line":97,"column":4},"end":{"line":97,"column":40}},"64":{"start":{"line":99,"column":2},"end":{"line":101,"column":3}},"65":{"start":{"line":100,"column":4},"end":{"line":100,"column":41}},"66":{"start":{"line":104,"column":2},"end":{"line":104,"column":57}},"67":{"start":{"line":105,"column":2},"end":{"line":107,"column":3}},"68":{"start":{"line":106,"column":4},"end":{"line":106,"column":41}},"69":{"start":{"line":109,"column":2},"end":{"line":111,"column":3}},"70":{"start":{"line":110,"column":4},"end":{"line":110,"column":53}},"71":{"start":{"line":113,"column":2},"end":{"line":122,"column":3}},"72":{"start":{"line":115,"column":4},"end":{"line":121,"column":5}},"73":{"start":{"line":116,"column":6},"end":{"line":116,"column":53}},"74":{"start":{"line":119,"column":6},"end":{"line":119,"column":57}},"75":{"start":{"line":120,"column":6},"end":{"line":120,"column":59}},"76":{"start":{"line":123,"column":2},"end":{"line":123,"column":51}},"77":{"start":{"line":124,"column":2},"end":{"line":124,"column":45}},"78":{"start":{"line":127,"column":17},"end":{"line":177,"column":1}},"79":{"start":{"line":129,"column":12},"end":{"line":129,"column":25}},"80":{"start":{"line":130,"column":16},"end":{"line":130,"column":65}},"81":{"start":{"line":131,"column":24},"end":{"line":147,"column":4}},"82":{"start":{"line":132,"column":4},"end":{"line":146,"column":8}},"83":{"start":{"line":137,"column":8},"end":{"line":143,"column":9}},"84":{"start":{"line":138,"column":10},"end":{"line":138,"column":25}},"85":{"start":{"line":139,"column":10},"end":{"line":139,"column":80}},"86":{"start":{"line":140,"column":10},"end":{"line":140,"column":25}},"87":{"start":{"line":141,"column":10},"end":{"line":141,"column":28}},"88":{"start":{"line":142,"column":10},"end":{"line":142,"column":25}},"89":{"start":{"line":144,"column":8},"end":{"line":144,"column":23}},"90":{"start":{"line":145,"column":8},"end":{"line":145,"column":27}},"91":{"start":{"line":157,"column":2},"end":{"line":157,"column":17}},"92":{"start":{"line":158,"column":2},"end":{"line":158,"column":47}},"93":{"start":{"line":159,"column":2},"end":{"line":159,"column":17}},"94":{"start":{"line":160,"column":2},"end":{"line":160,"column":26}},"95":{"start":{"line":163,"column":2},"end":{"line":174,"column":4}},"96":{"start":{"line":168,"column":18},"end":{"line":168,"column":23}},"97":{"start":{"line":169,"column":4},"end":{"line":173,"column":23}},"98":{"start":{"line":170,"column":6},"end":{"line":172,"column":8}},"99":{"start":{"line":171,"column":8},"end":{"line":171,"column":53}},"100":{"start":{"line":175,"column":2},"end":{"line":175,"column":31}},"101":{"start":{"line":176,"column":2},"end":{"line":176,"column":25}},"102":{"start":{"line":179,"column":0},"end":{"line":183,"column":1}}},"fnMap":{"0":{"name":"(anonymous_0)","decl":{"start":{"line":12,"column":18},"end":{"line":12,"column":19}},"loc":{"start":{"line":12,"column":25},"end":{"line":15,"column":1}},"line":12},"1":{"name":"(anonymous_1)","decl":{"start":{"line":18,"column":31},"end":{"line":18,"column":32}},"loc":{"start":{"line":18,"column":37},"end":{"line":40,"column":1}},"line":18},"2":{"name":"(anonymous_2)","decl":{"start":{"line":23,"column":31},"end":{"line":23,"column":32}},"loc":{"start":{"line":23,"column":39},"end":{"line":36,"column":5}},"line":23},"3":{"name":"(anonymous_3)","decl":{"start":{"line":32,"column":32},"end":{"line":32,"column":33}},"loc":{"start":{"line":32,"column":38},"end":{"line":32,"column":93}},"line":32},"4":{"name":"(anonymous_4)","decl":{"start":{"line":33,"column":33},"end":{"line":33,"column":34}},"loc":{"start":{"line":33,"column":39},"end":{"line":33,"column":58}},"line":33},"5":{"name":"(anonymous_5)","decl":{"start":{"line":42,"column":29},"end":{"line":42,"column":30}},"loc":{"start":{"line":42,"column":63},"end":{"line":125,"column":1}},"line":42},"6":{"name":"(anonymous_6)","decl":{"start":{"line":127,"column":17},"end":{"line":127,"column":18}},"loc":{"start":{"line":127,"column":23},"end":{"line":177,"column":1}},"line":127},"7":{"name":"(anonymous_7)","decl":{"start":{"line":131,"column":36},"end":{"line":131,"column":37}},"loc":{"start":{"line":131,"column":47},"end":{"line":147,"column":3}},"line":131},"8":{"name":"(anonymous_8)","decl":{"start":{"line":136,"column":6},"end":{"line":136,"column":7}},"loc":{"start":{"line":136,"column":25},"end":{"line":146,"column":7}},"line":136},"9":{"name":"(anonymous_9)","decl":{"start":{"line":163,"column":23},"end":{"line":163,"column":24}},"loc":{"start":{"line":163,"column":29},"end":{"line":174,"column":3}},"line":163},"10":{"name":"(anonymous_10)","decl":{"start":{"line":169,"column":32},"end":{"line":169,"column":33}},"loc":{"start":{"line":169,"column":44},"end":{"line":173,"column":5}},"line":169},"11":{"name":"(anonymous_11)","decl":{"start":{"line":170,"column":46},"end":{"line":170,"column":47}},"loc":{"start":{"line":170,"column":56},"end":{"line":172,"column":7}},"line":170}},"branchMap":{"0":{"loc":{"start":{"line":24,"column":6},"end":{"line":35,"column":7}},"type":"if","locations":[{"start":{"line":24,"column":6},"end":{"line":35,"column":7}},{"start":{"line":29,"column":13},"end":{"line":35,"column":7}}],"line":24},"1":{"loc":{"start":{"line":42,"column":41},"end":{"line":42,"column":58}},"type":"default-arg","locations":[{"start":{"line":42,"column":46},"end":{"line":42,"column":58}}],"line":42},"2":{"loc":{"start":{"line":50,"column":2},"end":{"line":52,"column":65}},"type":"if","locations":[{"start":{"line":50,"column":2},"end":{"line":52,"column":65}},{"start":{"line":52,"column":7},"end":{"line":52,"column":65}}],"line":50},"3":{"loc":{"start":{"line":50,"column":47},"end":{"line":50,"column":67}},"type":"binary-expr","locations":[{"start":{"line":50,"column":47},"end":{"line":50,"column":50}},{"start":{"line":50,"column":54},"end":{"line":50,"column":67}}],"line":50},"4":{"loc":{"start":{"line":60,"column":4},"end":{"line":67,"column":5}},"type":"if","locations":[{"start":{"line":60,"column":4},"end":{"line":67,"column":5}},{"start":{"line":62,"column":11},"end":{"line":67,"column":5}}],"line":60},"5":{"loc":{"start":{"line":64,"column":6},"end":{"line":66,"column":7}},"type":"if","locations":[{"start":{"line":64,"column":6},"end":{"line":66,"column":7}},{"start":{},"end":{}}],"line":64},"6":{"loc":{"start":{"line":71,"column":2},"end":{"line":73,"column":3}},"type":"if","locations":[{"start":{"line":71,"column":2},"end":{"line":73,"column":3}},{"start":{},"end":{}}],"line":71},"7":{"loc":{"start":{"line":78,"column":2},"end":{"line":86,"column":3}},"type":"if","locations":[{"start":{"line":78,"column":2},"end":{"line":86,"column":3}},{"start":{},"end":{}}],"line":78},"8":{"loc":{"start":{"line":78,"column":6},"end":{"line":78,"column":37}},"type":"binary-expr","locations":[{"start":{"line":78,"column":6},"end":{"line":78,"column":27}},{"start":{"line":78,"column":31},"end":{"line":78,"column":37}}],"line":78},"9":{"loc":{"start":{"line":79,"column":4},"end":{"line":85,"column":5}},"type":"if","locations":[{"start":{"line":79,"column":4},"end":{"line":85,"column":5}},{"start":{"line":82,"column":11},"end":{"line":85,"column":5}}],"line":79},"10":{"loc":{"start":{"line":93,"column":4},"end":{"line":94,"column":68}},"type":"if","locations":[{"start":{"line":93,"column":4},"end":{"line":94,"column":68}},{"start":{"line":94,"column":9},"end":{"line":94,"column":68}}],"line":93},"11":{"loc":{"start":{"line":94,"column":9},"end":{"line":94,"column":68}},"type":"if","locations":[{"start":{"line":94,"column":9},"end":{"line":94,"column":68}},{"start":{},"end":{}}],"line":94},"12":{"loc":{"start":{"line":96,"column":2},"end":{"line":98,"column":3}},"type":"if","locations":[{"start":{"line":96,"column":2},"end":{"line":98,"column":3}},{"start":{},"end":{}}],"line":96},"13":{"loc":{"start":{"line":99,"column":2},"end":{"line":101,"column":3}},"type":"if","locations":[{"start":{"line":99,"column":2},"end":{"line":101,"column":3}},{"start":{},"end":{}}],"line":99},"14":{"loc":{"start":{"line":105,"column":2},"end":{"line":107,"column":3}},"type":"if","locations":[{"start":{"line":105,"column":2},"end":{"line":107,"column":3}},{"start":{},"end":{}}],"line":105},"15":{"loc":{"start":{"line":105,"column":6},"end":{"line":105,"column":70}},"type":"binary-expr","locations":[{"start":{"line":105,"column":6},"end":{"line":105,"column":33}},{"start":{"line":105,"column":37},"end":{"line":105,"column":70}}],"line":105},"16":{"loc":{"start":{"line":109,"column":2},"end":{"line":111,"column":3}},"type":"if","locations":[{"start":{"line":109,"column":2},"end":{"line":111,"column":3}},{"start":{},"end":{}}],"line":109},"17":{"loc":{"start":{"line":109,"column":6},"end":{"line":109,"column":48}},"type":"binary-expr","locations":[{"start":{"line":109,"column":6},"end":{"line":109,"column":27}},{"start":{"line":109,"column":31},"end":{"line":109,"column":37}},{"start":{"line":109,"column":41},"end":{"line":109,"column":48}}],"line":109},"18":{"loc":{"start":{"line":113,"column":2},"end":{"line":122,"column":3}},"type":"if","locations":[{"start":{"line":113,"column":2},"end":{"line":122,"column":3}},{"start":{},"end":{}}],"line":113},"19":{"loc":{"start":{"line":113,"column":6},"end":{"line":113,"column":38}},"type":"binary-expr","locations":[{"start":{"line":113,"column":6},"end":{"line":113,"column":27}},{"start":{"line":113,"column":31},"end":{"line":113,"column":38}}],"line":113},"20":{"loc":{"start":{"line":115,"column":4},"end":{"line":121,"column":5}},"type":"if","locations":[{"start":{"line":115,"column":4},"end":{"line":121,"column":5}},{"start":{"line":118,"column":9},"end":{"line":121,"column":5}}],"line":115},"21":{"loc":{"start":{"line":137,"column":8},"end":{"line":143,"column":9}},"type":"if","locations":[{"start":{"line":137,"column":8},"end":{"line":143,"column":9}},{"start":{},"end":{}}],"line":137}},"s":{"0":1,"1":1,"2":1,"3":1,"4":1,"5":1,"6":1,"7":1,"8":1,"9":1,"10":1,"11":0,"12":0,"13":1,"14":2,"15":2,"16":4,"17":4,"18":4,"19":4,"20":0,"21":0,"22":0,"23":0,"24":0,"25":0,"26":0,"27":0,"28":0,"29":0,"30":2,"31":2,"32":1,"33":1,"34":1,"35":1,"36":0,"37":1,"38":1,"39":1,"40":2,"41":1,"42":1,"43":1,"44":1,"45":1,"46":0,"47":1,"48":1,"49":1,"50":1,"51":0,"52":0,"53":1,"54":1,"55":1,"56":1,"57":1,"58":2,"59":1,"60":1,"61":1,"62":1,"63":0,"64":1,"65":0,"66":1,"67":1,"68":0,"69":1,"70":0,"71":1,"72":0,"73":0,"74":0,"75":0,"76":1,"77":1,"78":1,"79":1,"80":1,"81":1,"82":1,"83":0,"84":0,"85":0,"86":0,"87":0,"88":0,"89":0,"90":0,"91":1,"92":1,"93":1,"94":1,"95":1,"96":0,"97":0,"98":0,"99":0,"100":1,"101":1,"102":1},"f":{"0":0,"1":2,"2":0,"3":0,"4":0,"5":1,"6":1,"7":1,"8":0,"9":0,"10":0,"11":0},"b":{"0":[0,0],"1":[1],"2":[1,0],"3":[1,0],"4":[1,1],"5":[1,0],"6":[0,1],"7":[1,0],"8":[1,1],"9":[1,0],"10":[1,1],"11":[1,0],"12":[0,1],"13":[0,1],"14":[0,1],"15":[1,1],"16":[0,1],"17":[1,0,0],"18":[0,1],"19":[1,0],"20":[0,0],"21":[0,0]},"_coverageSchema":"1a1c01bbd47fc00a2c39e90264f33305004495a9","hash":"99dac7379309583c1e422f37e7342da128410238"}
,"/home/desktop/Apps/Superalgos_DEV/Superalgos/Launch-Scripts/systemCheck.js": {"path":"/home/desktop/Apps/Superalgos_DEV/Superalgos/Launch-Scripts/systemCheck.js","statementMap":{"0":{"start":{"line":1,"column":21},"end":{"line":1,"column":45}},"1":{"start":{"line":2,"column":11},"end":{"line":2,"column":24}},"2":{"start":{"line":3,"column":12},"end":{"line":3,"column":54}},"3":{"start":{"line":11,"column":4},"end":{"line":67,"column":5}},"4":{"start":{"line":14,"column":30},"end":{"line":14,"column":86}},"5":{"start":{"line":15,"column":31},"end":{"line":15,"column":87}},"6":{"start":{"line":16,"column":30},"end":{"line":16,"column":92}},"7":{"start":{"line":17,"column":27},"end":{"line":17,"column":58}},"8":{"start":{"line":18,"column":28},"end":{"line":18,"column":73}},"9":{"start":{"line":19,"column":27},"end":{"line":19,"column":72}},"10":{"start":{"line":22,"column":8},"end":{"line":27,"column":9}},"11":{"start":{"line":23,"column":12},"end":{"line":23,"column":27}},"12":{"start":{"line":24,"column":12},"end":{"line":24,"column":141}},"13":{"start":{"line":25,"column":12},"end":{"line":25,"column":27}},"14":{"start":{"line":26,"column":12},"end":{"line":26,"column":26}},"15":{"start":{"line":30,"column":8},"end":{"line":35,"column":9}},"16":{"start":{"line":31,"column":12},"end":{"line":31,"column":27}},"17":{"start":{"line":32,"column":12},"end":{"line":32,"column":143}},"18":{"start":{"line":33,"column":12},"end":{"line":33,"column":27}},"19":{"start":{"line":34,"column":12},"end":{"line":34,"column":26}},"20":{"start":{"line":38,"column":8},"end":{"line":43,"column":9}},"21":{"start":{"line":39,"column":12},"end":{"line":39,"column":27}},"22":{"start":{"line":40,"column":12},"end":{"line":40,"column":141}},"23":{"start":{"line":41,"column":12},"end":{"line":41,"column":27}},"24":{"start":{"line":42,"column":12},"end":{"line":42,"column":26}},"25":{"start":{"line":47,"column":8},"end":{"line":59,"column":9}},"26":{"start":{"line":50,"column":25},"end":{"line":50,"column":85}},"27":{"start":{"line":51,"column":24},"end":{"line":51,"column":49}},"28":{"start":{"line":52,"column":12},"end":{"line":57,"column":13}},"29":{"start":{"line":53,"column":16},"end":{"line":53,"column":31}},"30":{"start":{"line":54,"column":16},"end":{"line":54,"column":137}},"31":{"start":{"line":55,"column":16},"end":{"line":55,"column":31}},"32":{"start":{"line":56,"column":16},"end":{"line":56,"column":30}},"33":{"start":{"line":62,"column":8},"end":{"line":62,"column":23}},"34":{"start":{"line":63,"column":8},"end":{"line":63,"column":60}},"35":{"start":{"line":64,"column":8},"end":{"line":64,"column":23}},"36":{"start":{"line":65,"column":8},"end":{"line":65,"column":28}},"37":{"start":{"line":66,"column":8},"end":{"line":66,"column":20}},"38":{"start":{"line":68,"column":4},"end":{"line":68,"column":15}},"39":{"start":{"line":72,"column":0},"end":{"line":72,"column":28}}},"fnMap":{"0":{"name":"systemCheck","decl":{"start":{"line":10,"column":9},"end":{"line":10,"column":20}},"loc":{"start":{"line":10,"column":24},"end":{"line":70,"column":1}},"line":10}},"branchMap":{"0":{"loc":{"start":{"line":22,"column":8},"end":{"line":27,"column":9}},"type":"if","locations":[{"start":{"line":22,"column":8},"end":{"line":27,"column":9}},{"start":{},"end":{}}],"line":22},"1":{"loc":{"start":{"line":30,"column":8},"end":{"line":35,"column":9}},"type":"if","locations":[{"start":{"line":30,"column":8},"end":{"line":35,"column":9}},{"start":{},"end":{}}],"line":30},"2":{"loc":{"start":{"line":38,"column":8},"end":{"line":43,"column":9}},"type":"if","locations":[{"start":{"line":38,"column":8},"end":{"line":43,"column":9}},{"start":{},"end":{}}],"line":38},"3":{"loc":{"start":{"line":47,"column":8},"end":{"line":59,"column":9}},"type":"if","locations":[{"start":{"line":47,"column":8},"end":{"line":59,"column":9}},{"start":{},"end":{}}],"line":47},"4":{"loc":{"start":{"line":52,"column":12},"end":{"line":57,"column":13}},"type":"if","locations":[{"start":{"line":52,"column":12},"end":{"line":57,"column":13}},{"start":{},"end":{}}],"line":52}},"s":{"0":1,"1":1,"2":1,"3":4,"4":4,"5":4,"6":4,"7":4,"8":4,"9":4,"10":4,"11":1,"12":1,"13":1,"14":1,"15":4,"16":1,"17":1,"18":1,"19":1,"20":4,"21":1,"22":1,"23":1,"24":1,"25":4,"26":1,"27":1,"28":1,"29":1,"30":1,"31":1,"32":1,"33":0,"34":0,"35":0,"36":0,"37":0,"38":4,"39":1},"f":{"0":4},"b":{"0":[1,3],"1":[1,3],"2":[1,3],"3":[1,3],"4":[1,0]},"_coverageSchema":"1a1c01bbd47fc00a2c39e90264f33305004495a9","hash":"4140bb60144d1d1487c97c84937cbbe437f3e4fb"}
}
