TN:
SF:Environment.js
FN:12,(anonymous_0)
FNF:1
FNH:1
FNDA:8,(anonymous_0)
DA:1,3
DA:4,3
DA:5,0
DA:7,3
DA:10,3
DA:12,3
DA:14,8
DA:66,8
DA:67,0
DA:68,0
DA:69,0
DA:72,8
DA:73,368
DA:74,0
DA:78,8
LF:15
LH:10
BRDA:4,0,0,0
BRDA:4,0,1,3
BRDA:66,1,0,0
BRDA:66,1,1,8
BRDA:73,2,0,0
BRDA:73,2,1,368
BRF:6
BRH:3
end_of_record
TN:
SF:.mocks/simple-git.js
FNF:0
FNH:0
DA:1,1
DA:18,1
DA:38,1
DA:42,1
LF:4
LH:4
BRF:0
BRH:0
end_of_record
TN:
SF:Launch-Scripts/createShortcut.js
FN:6,(anonymous_0)
FN:31,(anonymous_1)
FN:78,(anonymous_2)
FNF:3
FNH:1
FNDA:5,(anonymous_0)
FNDA:0,(anonymous_1)
FNDA:0,(anonymous_2)
DA:1,1
DA:2,1
DA:3,1
DA:4,1
DA:6,1
DA:8,5
DA:9,5
DA:10,5
DA:13,5
DA:15,1
DA:16,1
DA:17,1
DA:23,1
DA:24,2
DA:26,2
DA:32,0
DA:33,0
DA:34,0
DA:35,0
DA:36,0
DA:37,0
DA:39,0
DA:40,0
DA:41,0
DA:42,0
DA:47,1
DA:50,4
DA:52,2
DA:54,2
DA:56,1
DA:59,1
DA:73,1
DA:76,1
DA:77,1
DA:79,0
DA:80,0
DA:81,0
DA:82,0
DA:83,0
DA:84,0
DA:86,0
DA:87,0
DA:90,0
DA:93,1
DA:97,1
DA:98,1
DA:102,2
DA:103,1
DA:104,1
DA:105,1
DA:106,1
DA:107,1
DA:109,1
DA:111,1
DA:120,1
DA:125,1
DA:128,1
DA:134,1
DA:140,1
DA:145,0
DA:146,0
DA:147,0
DA:148,0
DA:149,0
DA:152,1
DA:153,1
DA:157,1
DA:158,1
DA:162,1
LF:69
LH:45
BRDA:13,0,0,1
BRDA:13,0,1,4
BRDA:32,1,0,0
BRDA:32,1,1,0
BRDA:50,2,0,2
BRDA:50,2,1,2
BRDA:54,3,0,1
BRDA:54,3,1,1
BRDA:79,4,0,0
BRDA:79,4,1,0
BRDA:102,5,0,1
BRDA:102,5,1,1
BRF:12
BRH:8
end_of_record
TN:
SF:Launch-Scripts/runSetup.js
FN:12,(anonymous_0)
FN:18,(anonymous_1)
FN:23,(anonymous_2)
FN:32,(anonymous_3)
FN:33,(anonymous_4)
FN:42,(anonymous_5)
FN:127,(anonymous_6)
FN:131,(anonymous_7)
FN:136,(anonymous_8)
FN:163,(anonymous_9)
FN:169,(anonymous_10)
FN:170,(anonymous_11)
FNF:12
FNH:4
FNDA:0,(anonymous_0)
FNDA:2,(anonymous_1)
FNDA:0,(anonymous_2)
FNDA:0,(anonymous_3)
FNDA:0,(anonymous_4)
FNDA:1,(anonymous_5)
FNDA:1,(anonymous_6)
FNDA:1,(anonymous_7)
FNDA:0,(anonymous_8)
FNDA:0,(anonymous_9)
FNDA:0,(anonymous_10)
FNDA:0,(anonymous_11)
DA:1,1
DA:2,1
DA:3,1
DA:4,1
DA:5,1
DA:6,1
DA:7,1
DA:8,1
DA:9,1
DA:10,1
DA:12,1
DA:13,0
DA:14,0
DA:18,1
DA:19,2
DA:20,4
DA:21,4
DA:22,4
DA:23,4
DA:24,0
DA:25,0
DA:28,0
DA:30,0
DA:31,0
DA:32,0
DA:33,0
DA:34,0
DA:38,2
DA:39,2
DA:42,1
DA:44,1
DA:50,1
DA:52,0
DA:53,1
DA:56,1
DA:59,1
DA:60,2
DA:61,1
DA:63,1
DA:64,1
DA:65,1
DA:71,1
DA:72,0
DA:78,1
DA:79,1
DA:80,1
DA:81,1
DA:83,0
DA:84,0
DA:89,1
DA:90,1
DA:91,1
DA:92,1
DA:93,2
DA:94,1
DA:96,1
DA:97,0
DA:99,1
DA:100,0
DA:104,1
DA:105,1
DA:106,0
DA:109,1
DA:110,0
DA:113,1
DA:115,0
DA:116,0
DA:119,0
DA:120,0
DA:123,1
DA:124,1
DA:127,1
DA:129,1
DA:130,1
DA:131,1
DA:132,1
DA:137,0
DA:138,0
DA:139,0
DA:140,0
DA:141,0
DA:142,0
DA:144,0
DA:145,0
DA:157,1
DA:158,1
DA:159,1
DA:160,1
DA:163,1
DA:168,0
DA:169,0
DA:170,0
DA:171,0
DA:175,1
DA:176,1
DA:179,1
LF:96
LH:62
BRDA:24,0,0,0
BRDA:24,0,1,0
BRDA:42,1,0,1
BRDA:50,2,0,1
BRDA:50,2,1,0
BRDA:50,3,0,1
BRDA:50,3,1,0
BRDA:60,4,0,1
BRDA:60,4,1,1
BRDA:64,5,0,1
BRDA:64,5,1,0
BRDA:71,6,0,0
BRDA:71,6,1,1
BRDA:78,7,0,1
BRDA:78,7,1,0
BRDA:78,8,0,1
BRDA:78,8,1,1
BRDA:79,9,0,1
BRDA:79,9,1,0
BRDA:93,10,0,1
BRDA:93,10,1,1
BRDA:94,11,0,1
BRDA:94,11,1,0
BRDA:96,12,0,0
BRDA:96,12,1,1
BRDA:99,13,0,0
BRDA:99,13,1,1
BRDA:105,14,0,0
BRDA:105,14,1,1
BRDA:105,15,0,1
BRDA:105,15,1,1
BRDA:109,16,0,0
BRDA:109,16,1,1
BRDA:109,17,0,1
BRDA:109,17,1,0
BRDA:109,17,2,0
BRDA:113,18,0,0
BRDA:113,18,1,1
BRDA:113,19,0,1
BRDA:113,19,1,0
BRDA:115,20,0,0
BRDA:115,20,1,0
BRDA:137,21,0,0
BRDA:137,21,1,0
BRF:44
BRH:23
end_of_record
TN:
SF:Launch-Scripts/systemCheck.js
FN:10,systemCheck
FNF:1
FNH:1
FNDA:4,systemCheck
DA:1,1
DA:2,1
DA:3,1
DA:11,4
DA:14,4
DA:15,4
DA:16,4
DA:17,4
DA:18,4
DA:19,4
DA:22,4
DA:23,1
DA:24,1
DA:25,1
DA:26,1
DA:30,4
DA:31,1
DA:32,1
DA:33,1
DA:34,1
DA:38,4
DA:39,1
DA:40,1
DA:41,1
DA:42,1
DA:47,4
DA:50,1
DA:51,1
DA:52,1
DA:53,1
DA:54,1
DA:55,1
DA:56,1
DA:62,0
DA:63,0
DA:64,0
DA:65,0
DA:66,0
DA:68,4
DA:72,1
LF:40
LH:35
BRDA:22,0,0,1
BRDA:22,0,1,3
BRDA:30,1,0,1
BRDA:30,1,1,3
BRDA:38,2,0,1
BRDA:38,2,1,3
BRDA:47,3,0,1
BRDA:47,3,1,3
BRDA:52,4,0,1
BRDA:52,4,1,0
BRF:10
BRH:9
end_of_record
